<?xml version="1.0" encoding="UTF-8" ?>
<testsuite tests="20" failures="7" name="TestSuite" time="2.329" errors="0" skipped="0">
  <properties>
[...]
</properties>
  <testcase classname="automationFramework.TestCases.ApiCustomerPost" name="apiErrorAddressId" time="1.594">
    <failure type="java.lang.NullPointerException">java.lang.NullPointerException
	at automationFramework.TestCases.ApiCustomerPost.checkError(ApiCustomerPost.java:372)
	at automationFramework.TestCases.ApiCustomerPost.apiErrorAddressId(ApiCustomerPost.java:187)
</failure>
  </testcase>
  <testcase classname="automationFramework.TestCases.ApiCustomerPost" name="apiErrorBlankAddress" time="0.045">
    <failure message="expected [If address is provided, address1 is required.] but found [Field is blank.]" type="java.lang.AssertionError">java.lang.AssertionError: expected [If address is provided, address1 is required.] but found [Field is blank.]
	at org.testng.Assert.fail(Assert.java:94)
	at org.testng.Assert.failNotEquals(Assert.java:494)
	at org.testng.Assert.assertEquals(Assert.java:123)
	at org.testng.Assert.assertEquals(Assert.java:176)
	at org.testng.Assert.assertEquals(Assert.java:186)
	at automationFramework.TestCases.ApiCustomerPost.checkError(ApiCustomerPost.java:374)
	at automationFramework.TestCases.ApiCustomerPost.apiErrorBlankAddress(ApiCustomerPost.java:198)
</failure>
    <system-out>Time in Milliseconds: 0 
Test Case: automationFramework.TestCases.ApiCustomerPost 
Time Stamp: 2016-11-01 11:36:52,415 
Code Location: automationFramework.TestCases.ApiCustomerPost.checkError(ApiCustomerPost.java:373) 
Log Message: Actual error key errors.general.value.required matches expected errorkey errors.general.value.required 
 
Time in Milliseconds: 0 
Test Case: automationFramework.TestCases.ApiCustomerPost 
Time Stamp: 2016-11-01 11:36:52,415 
Code Location: automationFramework.TestCases.ApiCustomerPost.checkError(ApiCustomerPost.java:373) 
Log Message: Actual error key errors.general.value.required matches expected errorkey errors.general.value.required 
 
2016-11-01 11:36:52,415 INFO  [Logger] Actual error key errors.general.value.required matches expected errorkey errors.general.value.required 
</system-out>
  </testcase>
  <testcase classname="automationFramework.TestCases.ApiCustomerPost" name="apiErrorBlankCity" time="0.034">
    <failure message="expected [If address is provided, city is required.] but found [Field is blank.]" type="java.lang.AssertionError">java.lang.AssertionError: expected [If address is provided, city is required.] but found [Field is blank.]
	at org.testng.Assert.fail(Assert.java:94)
	at org.testng.Assert.failNotEquals(Assert.java:494)
	at org.testng.Assert.assertEquals(Assert.java:123)
	at org.testng.Assert.assertEquals(Assert.java:176)
	at org.testng.Assert.assertEquals(Assert.java:186)
	at automationFramework.TestCases.ApiCustomerPost.checkError(ApiCustomerPost.java:374)
	at automationFramework.TestCases.ApiCustomerPost.apiErrorBlankCity(ApiCustomerPost.java:233)
</failure>
    <system-out>Time in Milliseconds: 51 
Test Case: automationFramework.TestCases.ApiCustomerPost 
Time Stamp: 2016-11-01 11:36:52,466 
Code Location: automationFramework.TestCases.ApiCustomerPost.checkError(ApiCustomerPost.java:373) 
Log Message: Actual error key errors.general.value.required matches expected errorkey errors.general.value.required 
 
Time in Milliseconds: 51 
Test Case: automationFramework.TestCases.ApiCustomerPost 
Time Stamp: 2016-11-01 11:36:52,466 
Code Location: automationFramework.TestCases.ApiCustomerPost.checkError(ApiCustomerPost.java:373) 
Log Message: Actual error key errors.general.value.required matches expected errorkey errors.general.value.required 
 
Time in Milliseconds: 51 
Test Case: automationFramework.TestCases.ApiCustomerPost 
Time Stamp: 2016-11-01 11:36:52,466 
Code Location: automationFramework.TestCases.ApiCustomerPost.checkError(ApiCustomerPost.java:373) 
Log Message: Actual error key errors.general.value.required matches expected errorkey errors.general.value.required 
 
2016-11-01 11:36:52,466 INFO  [Logger] Actual error key errors.general.value.required matches expected errorkey errors.general.value.required 
</system-out>
  </testcase>
  <testcase classname="automationFramework.TestCases.ApiCustomerPost" name="apiErrorBlankContact" time="0.054"/>
  <testcase classname="automationFramework.TestCases.ApiCustomerPost" name="apiErrorBlankContactFirstName" time="0.053"/>
  <testcase classname="automationFramework.TestCases.ApiCustomerPost" name="apiErrorBlankContactLastName" time="0.019"/>
  <testcase classname="automationFramework.TestCases.ApiCustomerPost" name="apiErrorBlankContactName" time="0.034"/>
  <testcase classname="automationFramework.TestCases.ApiCustomerPost" name="apiErrorBlankContactType" time="0.027"/>
  <testcase classname="automationFramework.TestCases.ApiCustomerPost" name="apiErrorBlankCountry" time="0.028">
    <failure message="expected [If address is provided, country is required.] but found [Field is blank.]" type="java.lang.AssertionError">java.lang.AssertionError: expected [If address is provided, country is required.] but found [Field is blank.]
	at org.testng.Assert.fail(Assert.java:94)
	at org.testng.Assert.failNotEquals(Assert.java:494)
	at org.testng.Assert.assertEquals(Assert.java:123)
	at org.testng.Assert.assertEquals(Assert.java:176)
	at org.testng.Assert.assertEquals(Assert.java:186)
	at automationFramework.TestCases.ApiCustomerPost.checkError(ApiCustomerPost.java:374)
	at automationFramework.TestCases.ApiCustomerPost.apiErrorBlankCountry(ApiCustomerPost.java:255)
</failure>
    <system-out>Time in Milliseconds: 423 
Test Case: automationFramework.TestCases.ApiCustomerPost 
Time Stamp: 2016-11-01 11:36:52,838 
Code Location: automationFramework.TestCases.ApiCustomerPost.checkError(ApiCustomerPost.java:373) 
Log Message: Actual error key errors.general.value.required matches expected errorkey errors.general.value.required 
 
Time in Milliseconds: 423 
Test Case: automationFramework.TestCases.ApiCustomerPost 
Time Stamp: 2016-11-01 11:36:52,838 
Code Location: automationFramework.TestCases.ApiCustomerPost.checkError(ApiCustomerPost.java:373) 
Log Message: Actual error key errors.general.value.required matches expected errorkey errors.general.value.required 
 
Time in Milliseconds: 423 
Test Case: automationFramework.TestCases.ApiCustomerPost 
Time Stamp: 2016-11-01 11:36:52,838 
Code Location: automationFramework.TestCases.ApiCustomerPost.checkError(ApiCustomerPost.java:373) 
Log Message: Actual error key errors.general.value.required matches expected errorkey errors.general.value.required 
 
Time in Milliseconds: 423 
Test Case: automationFramework.TestCases.ApiCustomerPost 
Time Stamp: 2016-11-01 11:36:52,838 
Code Location: automationFramework.TestCases.ApiCustomerPost.checkError(ApiCustomerPost.java:373) 
Log Message: Actual error key errors.general.value.required matches expected errorkey errors.general.value.required 
 
Time in Milliseconds: 423 
Test Case: automationFramework.TestCases.ApiCustomerPost 
Time Stamp: 2016-11-01 11:36:52,838 
Code Location: automationFramework.TestCases.ApiCustomerPost.checkError(ApiCustomerPost.java:373) 
Log Message: Actual error key errors.general.value.required matches expected errorkey errors.general.value.required 
 
Time in Milliseconds: 423 
Test Case: automationFramework.TestCases.ApiCustomerPost 
Time Stamp: 2016-11-01 11:36:52,838 
Code Location: automationFramework.TestCases.ApiCustomerPost.checkError(ApiCustomerPost.java:373) 
Log Message: Actual error key errors.general.value.required matches expected errorkey errors.general.value.required 
 
Time in Milliseconds: 423 
Test Case: automationFramework.TestCases.ApiCustomerPost 
Time Stamp: 2016-11-01 11:36:52,838 
Code Location: automationFramework.TestCases.ApiCustomerPost.checkError(ApiCustomerPost.java:373) 
Log Message: Actual error key errors.general.value.required matches expected errorkey errors.general.value.required 
 
Time in Milliseconds: 423 
Test Case: automationFramework.TestCases.ApiCustomerPost 
Time Stamp: 2016-11-01 11:36:52,838 
Code Location: automationFramework.TestCases.ApiCustomerPost.checkError(ApiCustomerPost.java:373) 
Log Message: Actual error key errors.general.value.required matches expected errorkey errors.general.value.required 
 
Time in Milliseconds: 423 
Test Case: automationFramework.TestCases.ApiCustomerPost 
Time Stamp: 2016-11-01 11:36:52,838 
Code Location: automationFramework.TestCases.ApiCustomerPost.checkError(ApiCustomerPost.java:373) 
Log Message: Actual error key errors.general.value.required matches expected errorkey errors.general.value.required 
 
2016-11-01 11:36:52,838 INFO  [Logger] Actual error key errors.general.value.required matches expected errorkey errors.general.value.required 
</system-out>
  </testcase>
  <testcase classname="automationFramework.TestCases.ApiCustomerPost" name="apiErrorBlankCustomerType" time="0.073"/>
  <testcase classname="automationFramework.TestCases.ApiCustomerPost" name="apiErrorInvalidContactType" time="0.03">
    <failure message="expected [Invalid contact type.] but found [Invalid value.]" type="java.lang.AssertionError">java.lang.AssertionError: expected [Invalid contact type.] but found [Invalid value.]
	at org.testng.Assert.fail(Assert.java:94)
	at org.testng.Assert.failNotEquals(Assert.java:494)
	at org.testng.Assert.assertEquals(Assert.java:123)
	at org.testng.Assert.assertEquals(Assert.java:176)
	at org.testng.Assert.assertEquals(Assert.java:186)
	at automationFramework.TestCases.ApiCustomerPost.checkError(ApiCustomerPost.java:374)
	at automationFramework.TestCases.ApiCustomerPost.apiErrorInvalidContactType(ApiCustomerPost.java:86)
</failure>
    <system-out>Time in Milliseconds: 578 
Test Case: automationFramework.TestCases.ApiCustomerPost 
Time Stamp: 2016-11-01 11:36:52,993 
Code Location: automationFramework.TestCases.ApiCustomerPost.checkError(ApiCustomerPost.java:373) 
Log Message: Actual error key errors.general.value.unexpected matches expected errorkey errors.general.value.unexpected 
 
Time in Milliseconds: 578 
Test Case: automationFramework.TestCases.ApiCustomerPost 
Time Stamp: 2016-11-01 11:36:52,993 
Code Location: automationFramework.TestCases.ApiCustomerPost.checkError(ApiCustomerPost.java:373) 
Log Message: Actual error key errors.general.value.unexpected matches expected errorkey errors.general.value.unexpected 
 
Time in Milliseconds: 578 
Test Case: automationFramework.TestCases.ApiCustomerPost 
Time Stamp: 2016-11-01 11:36:52,993 
Code Location: automationFramework.TestCases.ApiCustomerPost.checkError(ApiCustomerPost.java:373) 
Log Message: Actual error key errors.general.value.unexpected matches expected errorkey errors.general.value.unexpected 
 
Time in Milliseconds: 578 
Test Case: automationFramework.TestCases.ApiCustomerPost 
Time Stamp: 2016-11-01 11:36:52,993 
Code Location: automationFramework.TestCases.ApiCustomerPost.checkError(ApiCustomerPost.java:373) 
Log Message: Actual error key errors.general.value.unexpected matches expected errorkey errors.general.value.unexpected 
 
Time in Milliseconds: 578 
Test Case: automationFramework.TestCases.ApiCustomerPost 
Time Stamp: 2016-11-01 11:36:52,993 
Code Location: automationFramework.TestCases.ApiCustomerPost.checkError(ApiCustomerPost.java:373) 
Log Message: Actual error key errors.general.value.unexpected matches expected errorkey errors.general.value.unexpected 
 
Time in Milliseconds: 578 
Test Case: automationFramework.TestCases.ApiCustomerPost 
Time Stamp: 2016-11-01 11:36:52,993 
Code Location: automationFramework.TestCases.ApiCustomerPost.checkError(ApiCustomerPost.java:373) 
Log Message: Actual error key errors.general.value.unexpected matches expected errorkey errors.general.value.unexpected 
 
Time in Milliseconds: 578 
Test Case: automationFramework.TestCases.ApiCustomerPost 
Time Stamp: 2016-11-01 11:36:52,993 
Code Location: automationFramework.TestCases.ApiCustomerPost.checkError(ApiCustomerPost.java:373) 
Log Message: Actual error key errors.general.value.unexpected matches expected errorkey errors.general.value.unexpected 
 
Time in Milliseconds: 578 
Test Case: automationFramework.TestCases.ApiCustomerPost 
Time Stamp: 2016-11-01 11:36:52,993 
Code Location: automationFramework.TestCases.ApiCustomerPost.checkError(ApiCustomerPost.java:373) 
Log Message: Actual error key errors.general.value.unexpected matches expected errorkey errors.general.value.unexpected 
 
Time in Milliseconds: 578 
Test Case: automationFramework.TestCases.ApiCustomerPost 
Time Stamp: 2016-11-01 11:36:52,993 
Code Location: automationFramework.TestCases.ApiCustomerPost.checkError(ApiCustomerPost.java:373) 
Log Message: Actual error key errors.general.value.unexpected matches expected errorkey errors.general.value.unexpected 
 
Time in Milliseconds: 578 
Test Case: automationFramework.TestCases.ApiCustomerPost 
Time Stamp: 2016-11-01 11:36:52,993 
Code Location: automationFramework.TestCases.ApiCustomerPost.checkError(ApiCustomerPost.java:373) 
Log Message: Actual error key errors.general.value.unexpected matches expected errorkey errors.general.value.unexpected 
 
Time in Milliseconds: 578 
Test Case: automationFramework.TestCases.ApiCustomerPost 
Time Stamp: 2016-11-01 11:36:52,993 
Code Location: automationFramework.TestCases.ApiCustomerPost.checkError(ApiCustomerPost.java:373) 
Log Message: Actual error key errors.general.value.unexpected matches expected errorkey errors.general.value.unexpected 
 
2016-11-01 11:36:52,993 INFO  [Logger] Actual error key errors.general.value.unexpected matches expected errorkey errors.general.value.unexpected 
</system-out>
  </testcase>
  <testcase classname="automationFramework.TestCases.ApiCustomerPost" name="apiErrorInvalidCustomerType" time="0.031">
    <failure message="expected [Invalid customer type.] but found [Invalid value.]" type="java.lang.AssertionError">java.lang.AssertionError: expected [Invalid customer type.] but found [Invalid value.]
	at org.testng.Assert.fail(Assert.java:94)
	at org.testng.Assert.failNotEquals(Assert.java:494)
	at org.testng.Assert.assertEquals(Assert.java:123)
	at org.testng.Assert.assertEquals(Assert.java:176)
	at org.testng.Assert.assertEquals(Assert.java:186)
	at automationFramework.TestCases.ApiCustomerPost.checkError(ApiCustomerPost.java:374)
	at automationFramework.TestCases.ApiCustomerPost.apiErrorInvalidCustomerType(ApiCustomerPost.java:65)
</failure>
    <system-out>Time in Milliseconds: 623 
Test Case: automationFramework.TestCases.ApiCustomerPost 
Time Stamp: 2016-11-01 11:36:53,038 
Code Location: automationFramework.TestCases.ApiCustomerPost.checkError(ApiCustomerPost.java:373) 
Log Message: Actual error key errors.general.value.unexpected matches expected errorkey errors.general.value.unexpected 
 
Time in Milliseconds: 623 
Test Case: automationFramework.TestCases.ApiCustomerPost 
Time Stamp: 2016-11-01 11:36:53,038 
Code Location: automationFramework.TestCases.ApiCustomerPost.checkError(ApiCustomerPost.java:373) 
Log Message: Actual error key errors.general.value.unexpected matches expected errorkey errors.general.value.unexpected 
 
Time in Milliseconds: 623 
Test Case: automationFramework.TestCases.ApiCustomerPost 
Time Stamp: 2016-11-01 11:36:53,038 
Code Location: automationFramework.TestCases.ApiCustomerPost.checkError(ApiCustomerPost.java:373) 
Log Message: Actual error key errors.general.value.unexpected matches expected errorkey errors.general.value.unexpected 
 
Time in Milliseconds: 623 
Test Case: automationFramework.TestCases.ApiCustomerPost 
Time Stamp: 2016-11-01 11:36:53,038 
Code Location: automationFramework.TestCases.ApiCustomerPost.checkError(ApiCustomerPost.java:373) 
Log Message: Actual error key errors.general.value.unexpected matches expected errorkey errors.general.value.unexpected 
 
Time in Milliseconds: 623 
Test Case: automationFramework.TestCases.ApiCustomerPost 
Time Stamp: 2016-11-01 11:36:53,038 
Code Location: automationFramework.TestCases.ApiCustomerPost.checkError(ApiCustomerPost.java:373) 
Log Message: Actual error key errors.general.value.unexpected matches expected errorkey errors.general.value.unexpected 
 
Time in Milliseconds: 623 
Test Case: automationFramework.TestCases.ApiCustomerPost 
Time Stamp: 2016-11-01 11:36:53,038 
Code Location: automationFramework.TestCases.ApiCustomerPost.checkError(ApiCustomerPost.java:373) 
Log Message: Actual error key errors.general.value.unexpected matches expected errorkey errors.general.value.unexpected 
 
Time in Milliseconds: 623 
Test Case: automationFramework.TestCases.ApiCustomerPost 
Time Stamp: 2016-11-01 11:36:53,038 
Code Location: automationFramework.TestCases.ApiCustomerPost.checkError(ApiCustomerPost.java:373) 
Log Message: Actual error key errors.general.value.unexpected matches expected errorkey errors.general.value.unexpected 
 
Time in Milliseconds: 623 
Test Case: automationFramework.TestCases.ApiCustomerPost 
Time Stamp: 2016-11-01 11:36:53,038 
Code Location: automationFramework.TestCases.ApiCustomerPost.checkError(ApiCustomerPost.java:373) 
Log Message: Actual error key errors.general.value.unexpected matches expected errorkey errors.general.value.unexpected 
 
Time in Milliseconds: 623 
Test Case: automationFramework.TestCases.ApiCustomerPost 
Time Stamp: 2016-11-01 11:36:53,038 
Code Location: automationFramework.TestCases.ApiCustomerPost.checkError(ApiCustomerPost.java:373) 
Log Message: Actual error key errors.general.value.unexpected matches expected errorkey errors.general.value.unexpected 
 
Time in Milliseconds: 623 
Test Case: automationFramework.TestCases.ApiCustomerPost 
Time Stamp: 2016-11-01 11:36:53,038 
Code Location: automationFramework.TestCases.ApiCustomerPost.checkError(ApiCustomerPost.java:373) 
Log Message: Actual error key errors.general.value.unexpected matches expected errorkey errors.general.value.unexpected 
 
Time in Milliseconds: 623 
Test Case: automationFramework.TestCases.ApiCustomerPost 
Time Stamp: 2016-11-01 11:36:53,038 
Code Location: automationFramework.TestCases.ApiCustomerPost.checkError(ApiCustomerPost.java:373) 
Log Message: Actual error key errors.general.value.unexpected matches expected errorkey errors.general.value.unexpected 
 
Time in Milliseconds: 623 
Test Case: automationFramework.TestCases.ApiCustomerPost 
Time Stamp: 2016-11-01 11:36:53,038 
Code Location: automationFramework.TestCases.ApiCustomerPost.checkError(ApiCustomerPost.java:373) 
Log Message: Actual error key errors.general.value.unexpected matches expected errorkey errors.general.value.unexpected 
 
2016-11-01 11:36:53,038 INFO  [Logger] Actual error key errors.general.value.unexpected matches expected errorkey errors.general.value.unexpected 
</system-out>
  </testcase>
  <testcase classname="automationFramework.TestCases.ApiCustomerPost" name="apiErrorInvalidSuffixId" time="0.042">
    <failure type="java.lang.NullPointerException">java.lang.NullPointerException
	at automationFramework.TestCases.ApiCustomerPost.checkError(ApiCustomerPost.java:372)
	at automationFramework.TestCases.ApiCustomerPost.apiErrorInvalidSuffixId(ApiCustomerPost.java:176)
</failure>
  </testcase>
  <testcase classname="automationFramework.TestCases.ApiCustomerPost" name="apiErrorMaxLengthAddress" time="0.032"/>
  <testcase classname="automationFramework.TestCases.ApiCustomerPost" name="apiErrorMaxLengthAddress2" time="0.029"/>
  <testcase classname="automationFramework.TestCases.ApiCustomerPost" name="apiErrorMaxLengthCity" time="0.048"/>
  <testcase classname="automationFramework.TestCases.ApiCustomerPost" name="apiErrorMaxLengthContactFirstName" time="0.063"/>
  <testcase classname="automationFramework.TestCases.ApiCustomerPost" name="apiErrorMaxLengthContactLastName" time="0.022"/>
  <testcase classname="automationFramework.TestCases.ApiCustomerPost" name="apiErrorMaxLengthContactMiddleName" time="0.027"/>
  <testcase classname="automationFramework.TestCases.ApiCustomerPost" name="apiPostSuccess" time="0.044"/>
</testsuite>