<?xml version="1.0" encoding="UTF-8"?>
<!-- Generated by org.testng.reporters.JUnitXMLReporter -->
<testsuite hostname="NACTS-081729" name="ApiTest" tests="21" failures="3" timestamp="10 Oct 2016 22:35:23 GMT" time="3.472" errors="0">
  <testcase name="ApiBalanceTransferLarge" time="2.249" classname="automationFramework.TestCases.ApiOamLinkSubsystemErrors">
    <failure type="java.lang.AssertionError" message="expected [true] but found [false]">
      <![CDATA[java.lang.AssertionError: expected [true] but found [false]
	at automationFramework.TestCases.ApiOamLinkSubsystemErrors.sendApiRequest(ApiOamLinkSubsystemErrors.java:183)
	at automationFramework.TestCases.ApiOamLinkSubsystemErrors.ApiBalanceTransferLarge(ApiOamLinkSubsystemErrors.java:143)
... Removed 28 stack frames]]>
    </failure>
  </testcase> <!-- ApiBalanceTransferLarge -->
  <testcase name="ApiBalanceTransferSmall" time="0.078" classname="automationFramework.TestCases.ApiOamLinkSubsystemErrors"/>
  <testcase name="ApiErrorAccountBlank" time="0.079" classname="automationFramework.TestCases.ApiOamLinkSubsystemErrors"/>
  <testcase name="ApiErrorAccountMax" time="0.063" classname="automationFramework.TestCases.ApiOamLinkSubsystemErrors">
    <failure type="java.lang.AssertionError" message="expected [true] but found [false]">
      <![CDATA[java.lang.AssertionError: expected [true] but found [false]
	at automationFramework.TestCases.ApiOamLinkSubsystemErrors.sendApiRequest(ApiOamLinkSubsystemErrors.java:183)
	at automationFramework.TestCases.ApiOamLinkSubsystemErrors.ApiErrorAccountMax(ApiOamLinkSubsystemErrors.java:84)
... Removed 28 stack frames]]>
    </failure>
  </testcase> <!-- ApiErrorAccountMax -->
  <testcase name="ApiErrorAccountNotFound" time="0.047" classname="automationFramework.TestCases.ApiOamLinkSubsystemErrors"/>
  <testcase name="ApiErrorClientRefIdBlank" time="0.063" classname="automationFramework.TestCases.ApiOamLinkSubsystemErrors"/>
  <testcase name="ApiErrorClientRefIdMax" time="0.078" classname="automationFramework.TestCases.ApiOamLinkSubsystemErrors"/>
  <testcase name="ApiErrorCustomerIDBlank" time="0.062" classname="automationFramework.TestCases.ApiOamLinkSubsystemErrors"/>
  <testcase name="ApiErrorCustomerIDIncorrect" time="0.065" classname="automationFramework.TestCases.ApiOamLinkSubsystemErrors"/>
  <testcase name="ApiErrorCustomerIDMax" time="0.047" classname="automationFramework.TestCases.ApiOamLinkSubsystemErrors"/>
  <testcase name="ApiExternalRefNbrBlank" time="0.047" classname="automationFramework.TestCases.ApiOamLinkSubsystemErrors"/>
  <testcase name="ApiExternalRefNbrMax" time="0.047" classname="automationFramework.TestCases.ApiOamLinkSubsystemErrors"/>
  <testcase name="ApiExternalSubsystemAccountIdBlank" time="0.047" classname="automationFramework.TestCases.ApiOamLinkSubsystemErrors"/>
  <testcase name="ApiExternalSubsystemAccountIdMax" time="0.062" classname="automationFramework.TestCases.ApiOamLinkSubsystemErrors"/>
  <testcase name="ApiNickNameMax" time="0.047" classname="automationFramework.TestCases.ApiOamLinkSubsystemErrors"/>
  <testcase name="ApiSubsystemIdMax" time="0.078" classname="automationFramework.TestCases.ApiOamLinkSubsystemErrors">
    <failure type="java.lang.AssertionError" message="expected [true] but found [false]">
      <![CDATA[java.lang.AssertionError: expected [true] but found [false]
	at automationFramework.TestCases.ApiOamLinkSubsystemErrors.sendApiRequest(ApiOamLinkSubsystemErrors.java:183)
	at automationFramework.TestCases.ApiOamLinkSubsystemErrors.ApiSubsystemIdMax(ApiOamLinkSubsystemErrors.java:118)
... Removed 28 stack frames]]>
    </failure>
  </testcase> <!-- ApiSubsystemIdMax -->
  <testcase name="ApiPostSuccess" time="0.062" classname="automationFramework.TestCases.ApiOamCreateAccount"/>
  <testcase name="ApiGetSuccess" time="0.047" classname="automationFramework.TestCases.ApiOamGetAccount"/>
  <testcase name="ApiSuccess" time="0.048" classname="automationFramework.TestCases.ApiOamLinkSubsystem"/>
  <testcase name="ApiSuccess" time="0.078" classname="automationFramework.TestCases.ApiOamLoadTransaction"/>
  <testcase name="ApiChargeTransaction" time="0.047" classname="automationFramework.TestCases.ApiOamChargeTransaction"/>
</testsuite> <!-- ApiTest -->
