<?xml version="1.0" encoding="UTF-8"?>
<!-- Generated by org.testng.reporters.JUnitXMLReporter -->
<testsuite hostname="NACTS-081729" name="ApiTest" tests="72" failures="20" timestamp="29 Nov 2016 22:56:00 GMT" time="16.31" errors="0">
  <testcase name="apiErrorAddressId" time="1.569" classname="automationFramework.NextWave2RestApi.ApiCustomerPost">
    <failure type="java.lang.NullPointerException">
      <![CDATA[java.lang.NullPointerException
	at automationFramework.NextWave2RestApi.ApiCustomerPost.checkError(ApiCustomerPost.java:1019)
	at automationFramework.NextWave2RestApi.ApiCustomerPost.apiErrorAddressId(ApiCustomerPost.java:297)
... Removed 24 stack frames]]>
    </failure>
  </testcase> <!-- apiErrorAddressId -->
  <testcase name="apiErrorBlankAddress" time="1.073" classname="automationFramework.NextWave2RestApi.ApiCustomerPost"/>
  <testcase name="apiErrorBlankCity" time="0.064" classname="automationFramework.NextWave2RestApi.ApiCustomerPost"/>
  <testcase name="apiErrorBlankContact" time="0.056" classname="automationFramework.NextWave2RestApi.ApiCustomerPost"/>
  <testcase name="apiErrorBlankContactFirstName" time="0.06" classname="automationFramework.NextWave2RestApi.ApiCustomerPost"/>
  <testcase name="apiErrorBlankContactLastName" time="0.052" classname="automationFramework.NextWave2RestApi.ApiCustomerPost"/>
  <testcase name="apiErrorBlankContactName" time="0.333" classname="automationFramework.NextWave2RestApi.ApiCustomerPost"/>
  <testcase name="apiErrorBlankContactType" time="0.064" classname="automationFramework.NextWave2RestApi.ApiCustomerPost"/>
  <testcase name="apiErrorBlankCountry" time="0.044" classname="automationFramework.NextWave2RestApi.ApiCustomerPost"/>
  <testcase name="apiErrorBlankCustomerType" time="0.038" classname="automationFramework.NextWave2RestApi.ApiCustomerPost"/>
  <testcase name="apiErrorBlankEmail" time="0.095" classname="automationFramework.NextWave2RestApi.ApiCustomerPost"/>
  <testcase name="apiErrorBlankPassword" time="0.044" classname="automationFramework.NextWave2RestApi.ApiCustomerPost"/>
  <testcase name="apiErrorBlankPersonalId" time="0.077" classname="automationFramework.NextWave2RestApi.ApiCustomerPost"/>
  <testcase name="apiErrorBlankPersonalIdType" time="0.054" classname="automationFramework.NextWave2RestApi.ApiCustomerPost"/>
  <testcase name="apiErrorBlankPhoneNumber" time="0.036" classname="automationFramework.NextWave2RestApi.ApiCustomerPost">
    <failure type="java.lang.AssertionError" message="expected [contact.phone[0].phoneNumber] but found [contact.phone[0].number]">
      <![CDATA[java.lang.AssertionError: expected [contact.phone[0].phoneNumber] but found [contact.phone[0].number]
	at automationFramework.NextWave2RestApi.ApiCustomerPost.checkError(ApiCustomerPost.java:1019)
	at automationFramework.NextWave2RestApi.ApiCustomerPost.apiErrorBlankPhoneNumber(ApiCustomerPost.java:420)
... Removed 29 stack frames]]>
    </failure>
  </testcase> <!-- apiErrorBlankPhoneNumber -->
  <testcase name="apiErrorBlankPhoneNumber2" time="0.054" classname="automationFramework.NextWave2RestApi.ApiCustomerPost">
    <failure type="java.lang.AssertionError" message="expected [contact.phone[1].phoneNumber] but found [contact.phone[1].number]">
      <![CDATA[java.lang.AssertionError: expected [contact.phone[1].phoneNumber] but found [contact.phone[1].number]
	at automationFramework.NextWave2RestApi.ApiCustomerPost.checkError(ApiCustomerPost.java:1019)
	at automationFramework.NextWave2RestApi.ApiCustomerPost.apiErrorBlankPhoneNumber2(ApiCustomerPost.java:460)
... Removed 29 stack frames]]>
    </failure>
  </testcase> <!-- apiErrorBlankPhoneNumber2 -->
  <testcase name="apiErrorBlankPhoneNumber3" time="0.094" classname="automationFramework.NextWave2RestApi.ApiCustomerPost">
    <failure type="java.lang.AssertionError" message="expected [contact.phone[2].phoneNumber] but found [contact.phone[2].number]">
      <![CDATA[java.lang.AssertionError: expected [contact.phone[2].phoneNumber] but found [contact.phone[2].number]
	at automationFramework.NextWave2RestApi.ApiCustomerPost.checkError(ApiCustomerPost.java:1019)
	at automationFramework.NextWave2RestApi.ApiCustomerPost.apiErrorBlankPhoneNumber3(ApiCustomerPost.java:500)
... Removed 29 stack frames]]>
    </failure>
  </testcase> <!-- apiErrorBlankPhoneNumber3 -->
  <testcase name="apiErrorBlankPhoneType" time="0.038" classname="automationFramework.NextWave2RestApi.ApiCustomerPost">
    <failure type="java.lang.AssertionError" message="expected [contact.phone[0].phoneType] but found [contact.phone[0].type]">
      <![CDATA[java.lang.AssertionError: expected [contact.phone[0].phoneType] but found [contact.phone[0].type]
	at automationFramework.NextWave2RestApi.ApiCustomerPost.checkError(ApiCustomerPost.java:1019)
	at automationFramework.NextWave2RestApi.ApiCustomerPost.apiErrorBlankPhoneType(ApiCustomerPost.java:440)
... Removed 29 stack frames]]>
    </failure>
  </testcase> <!-- apiErrorBlankPhoneType -->
  <testcase name="apiErrorBlankPhoneType2" time="0.07" classname="automationFramework.NextWave2RestApi.ApiCustomerPost">
    <failure type="java.lang.AssertionError" message="expected [contact.phone[1].phoneType] but found [contact.phone[1].type]">
      <![CDATA[java.lang.AssertionError: expected [contact.phone[1].phoneType] but found [contact.phone[1].type]
	at automationFramework.NextWave2RestApi.ApiCustomerPost.checkError(ApiCustomerPost.java:1019)
	at automationFramework.NextWave2RestApi.ApiCustomerPost.apiErrorBlankPhoneType2(ApiCustomerPost.java:481)
... Removed 29 stack frames]]>
    </failure>
  </testcase> <!-- apiErrorBlankPhoneType2 -->
  <testcase name="apiErrorBlankPhoneType3" time="0.057" classname="automationFramework.NextWave2RestApi.ApiCustomerPost">
    <failure type="java.lang.AssertionError" message="expected [contact.phone[2].phoneType] but found [contact.phone[2].type]">
      <![CDATA[java.lang.AssertionError: expected [contact.phone[2].phoneType] but found [contact.phone[2].type]
	at automationFramework.NextWave2RestApi.ApiCustomerPost.checkError(ApiCustomerPost.java:1019)
	at automationFramework.NextWave2RestApi.ApiCustomerPost.apiErrorBlankPhoneType3(ApiCustomerPost.java:521)
... Removed 29 stack frames]]>
    </failure>
  </testcase> <!-- apiErrorBlankPhoneType3 -->
  <testcase name="apiErrorBlankPostalCode" time="0.035" classname="automationFramework.NextWave2RestApi.ApiCustomerPost"/>
  <testcase name="apiErrorBlankState" time="0.079" classname="automationFramework.NextWave2RestApi.ApiCustomerPost"/>
  <testcase name="apiErrorBlankUserName" time="0.041" classname="automationFramework.NextWave2RestApi.ApiCustomerPost"/>
  <testcase name="apiErrorContainConsecutiveCharacterPassword" time="1.25" classname="automationFramework.NextWave2RestApi.ApiCustomerPost"/>
  <testcase name="apiErrorContainConsecutiveCharacterPin" time="0.085" classname="automationFramework.NextWave2RestApi.ApiCustomerPost">
    <failure type="java.lang.NullPointerException">
      <![CDATA[java.lang.NullPointerException
	at automationFramework.NextWave2RestApi.ApiCustomerPost.checkError(ApiCustomerPost.java:1019)
	at automationFramework.NextWave2RestApi.ApiCustomerPost.apiErrorContainConsecutiveCharacterPin(ApiCustomerPost.java:794)
... Removed 24 stack frames]]>
    </failure>
  </testcase> <!-- apiErrorContainConsecutiveCharacterPin -->
  <testcase name="apiErrorContainContigousCharacterPin" time="0.071" classname="automationFramework.NextWave2RestApi.ApiCustomerPost">
    <failure type="java.lang.NullPointerException">
      <![CDATA[java.lang.NullPointerException
	at automationFramework.NextWave2RestApi.ApiCustomerPost.checkError(ApiCustomerPost.java:1019)
	at automationFramework.NextWave2RestApi.ApiCustomerPost.apiErrorContainContigousCharacterPin(ApiCustomerPost.java:804)
... Removed 24 stack frames]]>
    </failure>
  </testcase> <!-- apiErrorContainContigousCharacterPin -->
  <testcase name="apiErrorContainDictionaryPassword" time="0.07" classname="automationFramework.NextWave2RestApi.ApiCustomerPost">
    <failure type="java.lang.NullPointerException">
      <![CDATA[java.lang.NullPointerException
	at automationFramework.NextWave2RestApi.ApiCustomerPost.checkError(ApiCustomerPost.java:1019)
	at automationFramework.NextWave2RestApi.ApiCustomerPost.apiErrorContainDictionaryPassword(ApiCustomerPost.java:773)
... Removed 24 stack frames]]>
    </failure>
  </testcase> <!-- apiErrorContainDictionaryPassword -->
  <testcase name="apiErrorContainDigitsPassword" time="0.076" classname="automationFramework.NextWave2RestApi.ApiCustomerPost">
    <failure type="java.lang.NullPointerException">
      <![CDATA[java.lang.NullPointerException
	at automationFramework.NextWave2RestApi.ApiCustomerPost.checkError(ApiCustomerPost.java:1019)
	at automationFramework.NextWave2RestApi.ApiCustomerPost.apiErrorContainDigitsPassword(ApiCustomerPost.java:733)
... Removed 24 stack frames]]>
    </failure>
  </testcase> <!-- apiErrorContainDigitsPassword -->
  <testcase name="apiErrorContainSpecialCharactersPassword" time="0.073" classname="automationFramework.NextWave2RestApi.ApiCustomerPost">
    <failure type="java.lang.NullPointerException">
      <![CDATA[java.lang.NullPointerException
	at automationFramework.NextWave2RestApi.ApiCustomerPost.checkError(ApiCustomerPost.java:1019)
	at automationFramework.NextWave2RestApi.ApiCustomerPost.apiErrorContainSpecialCharactersPassword(ApiCustomerPost.java:763)
... Removed 24 stack frames]]>
    </failure>
  </testcase> <!-- apiErrorContainSpecialCharactersPassword -->
  <testcase name="apiErrorContainUsernamePassword" time="0.035" classname="automationFramework.NextWave2RestApi.ApiCustomerPost"/>
  <testcase name="apiErrorContainUsernamePin" time="0.042" classname="automationFramework.NextWave2RestApi.ApiCustomerPost"/>
  <testcase name="apiErrorDuplicateUserName" time="0.134" classname="automationFramework.NextWave2RestApi.ApiCustomerPost"/>
  <testcase name="apiErrorInvalidContactType" time="0.055" classname="automationFramework.NextWave2RestApi.ApiCustomerPost"/>
  <testcase name="apiErrorInvalidCountry" time="0.03" classname="automationFramework.NextWave2RestApi.ApiCustomerPost"/>
  <testcase name="apiErrorInvalidCustomerType" time="0.036" classname="automationFramework.NextWave2RestApi.ApiCustomerPost"/>
  <testcase name="apiErrorInvalidFormatEmail" time="0.043" classname="automationFramework.NextWave2RestApi.ApiCustomerPost"/>
  <testcase name="apiErrorInvalidPersonalIdType" time="0.039" classname="automationFramework.NextWave2RestApi.ApiCustomerPost"/>
  <testcase name="apiErrorInvalidPhoneNumber" time="0.026" classname="automationFramework.NextWave2RestApi.ApiCustomerPost">
    <failure type="java.lang.AssertionError" message="expected [contact.phone[0].phoneNumber] but found [contact.phone[0].number]">
      <![CDATA[java.lang.AssertionError: expected [contact.phone[0].phoneNumber] but found [contact.phone[0].number]
	at automationFramework.NextWave2RestApi.ApiCustomerPost.checkError(ApiCustomerPost.java:1019)
	at automationFramework.NextWave2RestApi.ApiCustomerPost.apiErrorInvalidPhoneNumber(ApiCustomerPost.java:430)
... Removed 29 stack frames]]>
    </failure>
  </testcase> <!-- apiErrorInvalidPhoneNumber -->
  <testcase name="apiErrorInvalidPhoneNumber2" time="0.071" classname="automationFramework.NextWave2RestApi.ApiCustomerPost">
    <failure type="java.lang.AssertionError" message="expected [contact.phone[1].phoneNumber] but found [contact.phone[1].number]">
      <![CDATA[java.lang.AssertionError: expected [contact.phone[1].phoneNumber] but found [contact.phone[1].number]
	at automationFramework.NextWave2RestApi.ApiCustomerPost.checkError(ApiCustomerPost.java:1019)
	at automationFramework.NextWave2RestApi.ApiCustomerPost.apiErrorInvalidPhoneNumber2(ApiCustomerPost.java:470)
... Removed 29 stack frames]]>
    </failure>
  </testcase> <!-- apiErrorInvalidPhoneNumber2 -->
  <testcase name="apiErrorInvalidPhoneNumber3" time="0.025" classname="automationFramework.NextWave2RestApi.ApiCustomerPost">
    <failure type="java.lang.AssertionError" message="expected [contact.phone[2].phoneNumber] but found [contact.phone[2].number]">
      <![CDATA[java.lang.AssertionError: expected [contact.phone[2].phoneNumber] but found [contact.phone[2].number]
	at automationFramework.NextWave2RestApi.ApiCustomerPost.checkError(ApiCustomerPost.java:1019)
	at automationFramework.NextWave2RestApi.ApiCustomerPost.apiErrorInvalidPhoneNumber3(ApiCustomerPost.java:510)
... Removed 29 stack frames]]>
    </failure>
  </testcase> <!-- apiErrorInvalidPhoneNumber3 -->
  <testcase name="apiErrorInvalidPhoneType" time="0.037" classname="automationFramework.NextWave2RestApi.ApiCustomerPost">
    <failure type="java.lang.AssertionError" message="expected [contact.phone[0].phoneType] but found [contact.phone[0].type]">
      <![CDATA[java.lang.AssertionError: expected [contact.phone[0].phoneType] but found [contact.phone[0].type]
	at automationFramework.NextWave2RestApi.ApiCustomerPost.checkError(ApiCustomerPost.java:1019)
	at automationFramework.NextWave2RestApi.ApiCustomerPost.apiErrorInvalidPhoneType(ApiCustomerPost.java:450)
... Removed 29 stack frames]]>
    </failure>
  </testcase> <!-- apiErrorInvalidPhoneType -->
  <testcase name="apiErrorInvalidPhoneType2" time="0.046" classname="automationFramework.NextWave2RestApi.ApiCustomerPost">
    <failure type="java.lang.AssertionError" message="expected [contact.phone[1].phoneType] but found [contact.phone[1].type]">
      <![CDATA[java.lang.AssertionError: expected [contact.phone[1].phoneType] but found [contact.phone[1].type]
	at automationFramework.NextWave2RestApi.ApiCustomerPost.checkError(ApiCustomerPost.java:1019)
	at automationFramework.NextWave2RestApi.ApiCustomerPost.apiErrorInvalidPhoneType2(ApiCustomerPost.java:491)
... Removed 29 stack frames]]>
    </failure>
  </testcase> <!-- apiErrorInvalidPhoneType2 -->
  <testcase name="apiErrorInvalidPhoneType3" time="0.081" classname="automationFramework.NextWave2RestApi.ApiCustomerPost">
    <failure type="java.lang.AssertionError" message="expected [contact.phone[2].phoneType] but found [contact.phone[2].type]">
      <![CDATA[java.lang.AssertionError: expected [contact.phone[2].phoneType] but found [contact.phone[2].type]
	at automationFramework.NextWave2RestApi.ApiCustomerPost.checkError(ApiCustomerPost.java:1019)
	at automationFramework.NextWave2RestApi.ApiCustomerPost.apiErrorInvalidPhoneType3(ApiCustomerPost.java:532)
... Removed 29 stack frames]]>
    </failure>
  </testcase> <!-- apiErrorInvalidPhoneType3 -->
  <testcase name="apiErrorInvalidPostalCode" time="0.066" classname="automationFramework.NextWave2RestApi.ApiCustomerPost"/>
  <testcase name="apiErrorInvalidState" time="0.032" classname="automationFramework.NextWave2RestApi.ApiCustomerPost"/>
  <testcase name="apiErrorInvalidSuffixId" time="0.038" classname="automationFramework.NextWave2RestApi.ApiCustomerPost"/>
  <testcase name="apiErrorInvalidUserName" time="0.116" classname="automationFramework.NextWave2RestApi.ApiCustomerPost"/>
  <testcase name="apiErrorMaxLengthAddress" time="0.031" classname="automationFramework.NextWave2RestApi.ApiCustomerPost"/>
  <testcase name="apiErrorMaxLengthAddress2" time="0.052" classname="automationFramework.NextWave2RestApi.ApiCustomerPost"/>
  <testcase name="apiErrorMaxLengthCity" time="0.047" classname="automationFramework.NextWave2RestApi.ApiCustomerPost"/>
  <testcase name="apiErrorMaxLengthContactFirstName" time="0.037" classname="automationFramework.NextWave2RestApi.ApiCustomerPost"/>
  <testcase name="apiErrorMaxLengthContactLastName" time="0.031" classname="automationFramework.NextWave2RestApi.ApiCustomerPost"/>
  <testcase name="apiErrorMaxLengthContactMiddleName" time="0.034" classname="automationFramework.NextWave2RestApi.ApiCustomerPost"/>
  <testcase name="apiErrorMaxLengthPassword" time="0.063" classname="automationFramework.NextWave2RestApi.ApiCustomerPost">
    <failure type="java.lang.NullPointerException">
      <![CDATA[java.lang.NullPointerException
	at automationFramework.NextWave2RestApi.ApiCustomerPost.checkError(ApiCustomerPost.java:1019)
	at automationFramework.NextWave2RestApi.ApiCustomerPost.apiErrorMaxLengthPassword(ApiCustomerPost.java:723)
... Removed 24 stack frames]]>
    </failure>
  </testcase> <!-- apiErrorMaxLengthPassword -->
  <testcase name="apiErrorMaxLengthPersonalId" time="0.033" classname="automationFramework.NextWave2RestApi.ApiCustomerPost"/>
  <testcase name="apiErrorMaxLengthUserName" time="0.103" classname="automationFramework.NextWave2RestApi.ApiCustomerPost"/>
  <testcase name="apiErrorMaximumLengthEmail" time="0.04" classname="automationFramework.NextWave2RestApi.ApiCustomerPost"/>
  <testcase name="apiErrorMinLengthPassword" time="0.042" classname="automationFramework.NextWave2RestApi.ApiCustomerPost"/>
  <testcase name="apiErrorMixCasesPassword" time="0.07" classname="automationFramework.NextWave2RestApi.ApiCustomerPost">
    <failure type="java.lang.NullPointerException">
      <![CDATA[java.lang.NullPointerException
	at automationFramework.NextWave2RestApi.ApiCustomerPost.checkError(ApiCustomerPost.java:1019)
	at automationFramework.NextWave2RestApi.ApiCustomerPost.apiErrorMixCasesPassword(ApiCustomerPost.java:743)
... Removed 24 stack frames]]>
    </failure>
  </testcase> <!-- apiErrorMixCasesPassword -->
  <testcase name="apiErrorMustContainLettersPassword" time="0.055" classname="automationFramework.NextWave2RestApi.ApiCustomerPost"/>
  <testcase name="apiErrorNonNumericPin" time="0.06" classname="automationFramework.NextWave2RestApi.ApiCustomerPost"/>
  <testcase name="apiErrorSecurityAnswerBlank" time="0.033" classname="automationFramework.NextWave2RestApi.ApiCustomerPost"/>
  <testcase name="apiErrorSecurityAnswerMaxLength" time="1.268" classname="automationFramework.NextWave2RestApi.ApiCustomerPost"/>
  <testcase name="apiErrorSecurityQuestionBlank" time="0.044" classname="automationFramework.NextWave2RestApi.ApiCustomerPost"/>
  <testcase name="apiErrorSecurityQuestionInvalid" time="0.042" classname="automationFramework.NextWave2RestApi.ApiCustomerPost"/>
  <testcase name="apiErrorSpecialCharactersEmail" time="0.031" classname="automationFramework.NextWave2RestApi.ApiCustomerPost"/>
  <testcase name="apiErrorSpecialCharactersUserName" time="0.027" classname="automationFramework.NextWave2RestApi.ApiCustomerPost"/>
  <testcase name="apiErrorTooLongPin" time="0.048" classname="automationFramework.NextWave2RestApi.ApiCustomerPost"/>
  <testcase name="apiErrorTooSmallPin" time="0.042" classname="automationFramework.NextWave2RestApi.ApiCustomerPost"/>
  <testcase name="apiPostSuccess" time="0.069" classname="automationFramework.NextWave2RestApi.ApiCustomerPost"/>
  <testcase name="apiGetCustomerInfo" time="0.24" classname="automationFramework.NextWave2RestApi.ApiCustomerPost"/>
  <testcase name="apiGetSuccess" time="0.028" classname="automationFramework.NextWave2RestApi.ApiCustomerPost"/>
</testsuite> <!-- ApiTest -->
