<?xml version="1.0" encoding="UTF-8"?>
<!-- Generated by org.testng.reporters.JUnitXMLReporter -->
<testsuite hostname="NACTS-081729" name="FirefoxTest" tests="20" failures="3" timestamp="28 Sep 2016 21:45:33 GMT" time="2.426" errors="0">
  <testcase name="ApiPostSuccess" time="1.757" classname="automationFramework.TestCases.ApiOamCreateAccount"/>
  <testcase name="ApiGetSuccess" time="0.04" classname="automationFramework.TestCases.ApiOamGetAccount"/>
  <testcase name="ApiSuccess" time="0.074" classname="automationFramework.TestCases.ApiOamLinkSubsystem">
    <failure type="java.lang.NullPointerException">
      <![CDATA[java.lang.NullPointerException
	at automationFramework.TestCases.ApiOamLinkSubsystem.ApiSuccess(ApiOamLinkSubsystem.java:34)
... Removed 24 stack frames]]>
    </failure>
  </testcase> <!-- ApiSuccess -->
  <testcase name="ApiBalanceTransferLarge" time="0.035" classname="automationFramework.TestCases.ApiOamLinkSubsystemErrors">
    <failure type="java.lang.AssertionError" message="expected [true] but found [false]">
      <![CDATA[java.lang.AssertionError: expected [true] but found [false]
	at automationFramework.TestCases.ApiOamLinkSubsystemErrors.ApiBalanceTransferLarge(ApiOamLinkSubsystemErrors.java:392)
... Removed 28 stack frames]]>
    </failure>
  </testcase> <!-- ApiBalanceTransferLarge -->
  <testcase name="ApiBalanceTransferSmall" time="0.033" classname="automationFramework.TestCases.ApiOamLinkSubsystemErrors"/>
  <testcase name="ApiErrorAccountBlank" time="0.037" classname="automationFramework.TestCases.ApiOamLinkSubsystemErrors"/>
  <testcase name="ApiErrorAccountMax" time="0.03" classname="automationFramework.TestCases.ApiOamLinkSubsystemErrors">
    <failure type="java.lang.AssertionError" message="expected [true] but found [false]">
      <![CDATA[java.lang.AssertionError: expected [true] but found [false]
	at automationFramework.TestCases.ApiOamLinkSubsystemErrors.ApiErrorAccountMax(ApiOamLinkSubsystemErrors.java:214)
... Removed 28 stack frames]]>
    </failure>
  </testcase> <!-- ApiErrorAccountMax -->
  <testcase name="ApiErrorAccountNotFound" time="0.041" classname="automationFramework.TestCases.ApiOamLinkSubsystemErrors"/>
  <testcase name="ApiErrorClientRefIdBlank" time="0.03" classname="automationFramework.TestCases.ApiOamLinkSubsystemErrors"/>
  <testcase name="ApiErrorClientRefIdMax" time="0.04" classname="automationFramework.TestCases.ApiOamLinkSubsystemErrors"/>
  <testcase name="ApiErrorCustomerIDBlank" time="0.028" classname="automationFramework.TestCases.ApiOamLinkSubsystemErrors"/>
  <testcase name="ApiErrorCustomerIDIncorrect" time="0.029" classname="automationFramework.TestCases.ApiOamLinkSubsystemErrors"/>
  <testcase name="ApiErrorCustomerIDMax" time="0.026" classname="automationFramework.TestCases.ApiOamLinkSubsystemErrors"/>
  <testcase name="ApiExternalRefNbrBlank" time="0.025" classname="automationFramework.TestCases.ApiOamLinkSubsystemErrors"/>
  <testcase name="ApiExternalRefNbrMax" time="0.025" classname="automationFramework.TestCases.ApiOamLinkSubsystemErrors"/>
  <testcase name="ApiExternalSubsystemAccountIdBlank" time="0.041" classname="automationFramework.TestCases.ApiOamLinkSubsystemErrors"/>
  <testcase name="ApiExternalSubsystemAccountIdMax" time="0.029" classname="automationFramework.TestCases.ApiOamLinkSubsystemErrors"/>
  <testcase name="ApiNickNameMax" time="0.026" classname="automationFramework.TestCases.ApiOamLinkSubsystemErrors"/>
  <testcase name="ApiSubsystemIdBlank" time="0.026" classname="automationFramework.TestCases.ApiOamLinkSubsystemErrors"/>
  <testcase name="ApiSubsystemIdMax" time="0.015" classname="automationFramework.TestCases.ApiOamLinkSubsystemErrors"/>
</testsuite> <!-- FirefoxTest -->
