<?xml version="1.0" encoding="UTF-8"?>
<!-- Generated by org.testng.reporters.JUnitXMLReporter -->
<testsuite hostname="NACTS-081729" name="ApiTest" tests="20" failures="7" timestamp="1 Nov 2016 18:36:53 GMT" time="3.31" errors="0">
  <testcase name="apiErrorAddressId" time="1.592" classname="automationFramework.TestCases.ApiCustomerPost">
    <failure type="java.lang.NullPointerException">
      <![CDATA[java.lang.NullPointerException
	at automationFramework.TestCases.ApiCustomerPost.checkError(ApiCustomerPost.java:372)
	at automationFramework.TestCases.ApiCustomerPost.apiErrorAddressId(ApiCustomerPost.java:187)
	at org.apache.maven.surefire.testng.TestNGExecutor.run(TestNGExecutor.java:177)
	at org.apache.maven.surefire.testng.TestNGXmlTestSuite.execute(TestNGXmlTestSuite.java:92)
	at org.apache.maven.surefire.testng.TestNGProvider.invoke(TestNGProvider.java:105)
	at org.apache.maven.surefire.util.ReflectionUtils.invokeMethodWithArray(ReflectionUtils.java:189)
	at org.apache.maven.surefire.booter.ProviderFactory$ProviderProxy.invoke(ProviderFactory.java:165)
	at org.apache.maven.surefire.booter.ProviderFactory.invokeProvider(ProviderFactory.java:85)
	at org.apache.maven.surefire.booter.ForkedBooter.runSuitesInProcess(ForkedBooter.java:103)
	at org.apache.maven.surefire.booter.ForkedBooter.main(ForkedBooter.java:74)
... Removed 25 stack frames]]>
    </failure>
  </testcase> <!-- apiErrorAddressId -->
  <testcase name="apiErrorBlankAddress" time="0.043" classname="automationFramework.TestCases.ApiCustomerPost">
    <failure type="java.lang.AssertionError" message="expected [If address is provided, address1 is required.] but found [Field is blank.]">
      <![CDATA[java.lang.AssertionError: expected [If address is provided, address1 is required.] but found [Field is blank.]
	at automationFramework.TestCases.ApiCustomerPost.checkError(ApiCustomerPost.java:374)
	at automationFramework.TestCases.ApiCustomerPost.apiErrorBlankAddress(ApiCustomerPost.java:198)
	at org.apache.maven.surefire.testng.TestNGExecutor.run(TestNGExecutor.java:177)
	at org.apache.maven.surefire.testng.TestNGXmlTestSuite.execute(TestNGXmlTestSuite.java:92)
	at org.apache.maven.surefire.testng.TestNGProvider.invoke(TestNGProvider.java:105)
	at org.apache.maven.surefire.util.ReflectionUtils.invokeMethodWithArray(ReflectionUtils.java:189)
	at org.apache.maven.surefire.booter.ProviderFactory$ProviderProxy.invoke(ProviderFactory.java:165)
	at org.apache.maven.surefire.booter.ProviderFactory.invokeProvider(ProviderFactory.java:85)
	at org.apache.maven.surefire.booter.ForkedBooter.runSuitesInProcess(ForkedBooter.java:103)
	at org.apache.maven.surefire.booter.ForkedBooter.main(ForkedBooter.java:74)
... Removed 30 stack frames]]>
    </failure>
  </testcase> <!-- apiErrorBlankAddress -->
  <testcase name="apiErrorBlankCity" time="0.031" classname="automationFramework.TestCases.ApiCustomerPost">
    <failure type="java.lang.AssertionError" message="expected [If address is provided, city is required.] but found [Field is blank.]">
      <![CDATA[java.lang.AssertionError: expected [If address is provided, city is required.] but found [Field is blank.]
	at automationFramework.TestCases.ApiCustomerPost.checkError(ApiCustomerPost.java:374)
	at automationFramework.TestCases.ApiCustomerPost.apiErrorBlankCity(ApiCustomerPost.java:233)
	at org.apache.maven.surefire.testng.TestNGExecutor.run(TestNGExecutor.java:177)
	at org.apache.maven.surefire.testng.TestNGXmlTestSuite.execute(TestNGXmlTestSuite.java:92)
	at org.apache.maven.surefire.testng.TestNGProvider.invoke(TestNGProvider.java:105)
	at org.apache.maven.surefire.util.ReflectionUtils.invokeMethodWithArray(ReflectionUtils.java:189)
	at org.apache.maven.surefire.booter.ProviderFactory$ProviderProxy.invoke(ProviderFactory.java:165)
	at org.apache.maven.surefire.booter.ProviderFactory.invokeProvider(ProviderFactory.java:85)
	at org.apache.maven.surefire.booter.ForkedBooter.runSuitesInProcess(ForkedBooter.java:103)
	at org.apache.maven.surefire.booter.ForkedBooter.main(ForkedBooter.java:74)
... Removed 30 stack frames]]>
    </failure>
  </testcase> <!-- apiErrorBlankCity -->
  <testcase name="apiErrorBlankContact" time="0.032" classname="automationFramework.TestCases.ApiCustomerPost"/>
  <testcase name="apiErrorBlankContactFirstName" time="0.052" classname="automationFramework.TestCases.ApiCustomerPost"/>
  <testcase name="apiErrorBlankContactLastName" time="0.032" classname="automationFramework.TestCases.ApiCustomerPost"/>
  <testcase name="apiErrorBlankContactName" time="0.036" classname="automationFramework.TestCases.ApiCustomerPost"/>
  <testcase name="apiErrorBlankContactType" time="0.039" classname="automationFramework.TestCases.ApiCustomerPost"/>
  <testcase name="apiErrorBlankCountry" time="0.029" classname="automationFramework.TestCases.ApiCustomerPost">
    <failure type="java.lang.AssertionError" message="expected [If address is provided, country is required.] but found [Field is blank.]">
      <![CDATA[java.lang.AssertionError: expected [If address is provided, country is required.] but found [Field is blank.]
	at automationFramework.TestCases.ApiCustomerPost.checkError(ApiCustomerPost.java:374)
	at automationFramework.TestCases.ApiCustomerPost.apiErrorBlankCountry(ApiCustomerPost.java:255)
	at org.apache.maven.surefire.testng.TestNGExecutor.run(TestNGExecutor.java:177)
	at org.apache.maven.surefire.testng.TestNGXmlTestSuite.execute(TestNGXmlTestSuite.java:92)
	at org.apache.maven.surefire.testng.TestNGProvider.invoke(TestNGProvider.java:105)
	at org.apache.maven.surefire.util.ReflectionUtils.invokeMethodWithArray(ReflectionUtils.java:189)
	at org.apache.maven.surefire.booter.ProviderFactory$ProviderProxy.invoke(ProviderFactory.java:165)
	at org.apache.maven.surefire.booter.ProviderFactory.invokeProvider(ProviderFactory.java:85)
	at org.apache.maven.surefire.booter.ForkedBooter.runSuitesInProcess(ForkedBooter.java:103)
	at org.apache.maven.surefire.booter.ForkedBooter.main(ForkedBooter.java:74)
... Removed 30 stack frames]]>
    </failure>
  </testcase> <!-- apiErrorBlankCountry -->
  <testcase name="apiErrorBlankCustomerType" time="0.075" classname="automationFramework.TestCases.ApiCustomerPost"/>
  <testcase name="apiErrorInvalidContactType" time="0.045" classname="automationFramework.TestCases.ApiCustomerPost">
    <failure type="java.lang.AssertionError" message="expected [Invalid contact type.] but found [Invalid value.]">
      <![CDATA[java.lang.AssertionError: expected [Invalid contact type.] but found [Invalid value.]
	at automationFramework.TestCases.ApiCustomerPost.checkError(ApiCustomerPost.java:374)
	at automationFramework.TestCases.ApiCustomerPost.apiErrorInvalidContactType(ApiCustomerPost.java:86)
	at org.apache.maven.surefire.testng.TestNGExecutor.run(TestNGExecutor.java:177)
	at org.apache.maven.surefire.testng.TestNGXmlTestSuite.execute(TestNGXmlTestSuite.java:92)
	at org.apache.maven.surefire.testng.TestNGProvider.invoke(TestNGProvider.java:105)
	at org.apache.maven.surefire.util.ReflectionUtils.invokeMethodWithArray(ReflectionUtils.java:189)
	at org.apache.maven.surefire.booter.ProviderFactory$ProviderProxy.invoke(ProviderFactory.java:165)
	at org.apache.maven.surefire.booter.ProviderFactory.invokeProvider(ProviderFactory.java:85)
	at org.apache.maven.surefire.booter.ForkedBooter.runSuitesInProcess(ForkedBooter.java:103)
	at org.apache.maven.surefire.booter.ForkedBooter.main(ForkedBooter.java:74)
... Removed 30 stack frames]]>
    </failure>
  </testcase> <!-- apiErrorInvalidContactType -->
  <testcase name="apiErrorInvalidCustomerType" time="0.029" classname="automationFramework.TestCases.ApiCustomerPost">
    <failure type="java.lang.AssertionError" message="expected [Invalid customer type.] but found [Invalid value.]">
      <![CDATA[java.lang.AssertionError: expected [Invalid customer type.] but found [Invalid value.]
	at automationFramework.TestCases.ApiCustomerPost.checkError(ApiCustomerPost.java:374)
	at automationFramework.TestCases.ApiCustomerPost.apiErrorInvalidCustomerType(ApiCustomerPost.java:65)
	at org.apache.maven.surefire.testng.TestNGExecutor.run(TestNGExecutor.java:177)
	at org.apache.maven.surefire.testng.TestNGXmlTestSuite.execute(TestNGXmlTestSuite.java:92)
	at org.apache.maven.surefire.testng.TestNGProvider.invoke(TestNGProvider.java:105)
	at org.apache.maven.surefire.util.ReflectionUtils.invokeMethodWithArray(ReflectionUtils.java:189)
	at org.apache.maven.surefire.booter.ProviderFactory$ProviderProxy.invoke(ProviderFactory.java:165)
	at org.apache.maven.surefire.booter.ProviderFactory.invokeProvider(ProviderFactory.java:85)
	at org.apache.maven.surefire.booter.ForkedBooter.runSuitesInProcess(ForkedBooter.java:103)
	at org.apache.maven.surefire.booter.ForkedBooter.main(ForkedBooter.java:74)
... Removed 30 stack frames]]>
    </failure>
  </testcase> <!-- apiErrorInvalidCustomerType -->
  <testcase name="apiErrorInvalidSuffixId" time="0.054" classname="automationFramework.TestCases.ApiCustomerPost">
    <failure type="java.lang.NullPointerException">
      <![CDATA[java.lang.NullPointerException
	at automationFramework.TestCases.ApiCustomerPost.checkError(ApiCustomerPost.java:372)
	at automationFramework.TestCases.ApiCustomerPost.apiErrorInvalidSuffixId(ApiCustomerPost.java:176)
	at org.apache.maven.surefire.testng.TestNGExecutor.run(TestNGExecutor.java:177)
	at org.apache.maven.surefire.testng.TestNGXmlTestSuite.execute(TestNGXmlTestSuite.java:92)
	at org.apache.maven.surefire.testng.TestNGProvider.invoke(TestNGProvider.java:105)
	at org.apache.maven.surefire.util.ReflectionUtils.invokeMethodWithArray(ReflectionUtils.java:189)
	at org.apache.maven.surefire.booter.ProviderFactory$ProviderProxy.invoke(ProviderFactory.java:165)
	at org.apache.maven.surefire.booter.ProviderFactory.invokeProvider(ProviderFactory.java:85)
	at org.apache.maven.surefire.booter.ForkedBooter.runSuitesInProcess(ForkedBooter.java:103)
	at org.apache.maven.surefire.booter.ForkedBooter.main(ForkedBooter.java:74)
... Removed 25 stack frames]]>
    </failure>
  </testcase> <!-- apiErrorInvalidSuffixId -->
  <testcase name="apiErrorMaxLengthAddress" time="0.03" classname="automationFramework.TestCases.ApiCustomerPost"/>
  <testcase name="apiErrorMaxLengthAddress2" time="0.03" classname="automationFramework.TestCases.ApiCustomerPost"/>
  <testcase name="apiErrorMaxLengthCity" time="0.047" classname="automationFramework.TestCases.ApiCustomerPost"/>
  <testcase name="apiErrorMaxLengthContactFirstName" time="0.054" classname="automationFramework.TestCases.ApiCustomerPost"/>
  <testcase name="apiErrorMaxLengthContactLastName" time="0.041" classname="automationFramework.TestCases.ApiCustomerPost"/>
  <testcase name="apiErrorMaxLengthContactMiddleName" time="0.03" classname="automationFramework.TestCases.ApiCustomerPost"/>
  <testcase name="apiPostSuccess" time="0.055" classname="automationFramework.TestCases.ApiCustomerPost"/>
</testsuite> <!-- ApiTest -->
